#
# A fatal error has been detected by the Java Runtime Environment:
#
#  Internal Error (safepoint.cpp:310), pid=79359, tid=13315
#  guarantee(PageArmed == 0) failed: invariant
#
# JRE version: Java(TM) SE Runtime Environment (8.0_45-b14) (build 1.8.0_45-b14)
# Java VM: Java HotSpot(TM) 64-Bit Server VM (25.45-b02 mixed mode bsd-amd64 compressed oops)
# Failed to write core dump. Core dumps have been disabled. To enable core dumping, try "ulimit -c unlimited" before starting Java again
#
# If you would like to submit a bug report, please visit:
#   http://bugreport.java.com/bugreport/crash.jsp
#

---------------  T H R E A D  ---------------

Current thread (0x00007f8102023800):  VMThread [stack: 0x0000700000a35000,0x0000700000b35000] [id=13315]

Stack: [0x0000700000a35000,0x0000700000b35000],  sp=0x0000700000b34910,  free space=1022k
Native frames: (J=compiled Java code, j=interpreted, Vv=VM code, C=native code)
V  [libjvm.dylib+0x58e7ba]
V  [libjvm.dylib+0x1e037f]
V  [libjvm.dylib+0x4c2e84]
V  [libjvm.dylib+0x594a27]
V  [libjvm.dylib+0x594355]
V  [libjvm.dylib+0x46ea7e]
C  [libsystem_pthread.dylib+0x399d]  _pthread_body+0x83
C  [libsystem_pthread.dylib+0x391a]  _pthread_body+0x0
C  [libsystem_pthread.dylib+0x1351]  thread_start+0xd

VM_Operation (0x00007f8101424440): EnableBiasedLocking, mode: async safepoint, requested by thread 0x00007f8104002000


---------------  P R O C E S S  ---------------

Java Threads: ( => current thread )
  0x00007f810482f800 JavaThread "TaskA" [_thread_in_Java, id=22531, stack(0x00007000015d9000,0x00007000215d9000)]
  0x00007f8101842000 JavaThread "Monitor Ctrl-Break" daemon [_thread_in_native, id=22019, stack(0x00007000014d6000,0x00007000015d6000)]
  0x00007f8104814800 JavaThread "Service Thread" daemon [_thread_blocked, id=20995, stack(0x00007000012d0000,0x00007000013d0000)]
  0x00007f8104825800 JavaThread "C1 CompilerThread3" daemon [_thread_blocked, id=20483, stack(0x00007000011cd000,0x00007000012cd000)]
  0x00007f8103802800 JavaThread "C2 CompilerThread2" daemon [_thread_blocked, id=19971, stack(0x00007000010ca000,0x00007000011ca000)]
  0x00007f810481d000 JavaThread "C2 CompilerThread1" daemon [_thread_blocked, id=19459, stack(0x0000700000fc7000,0x00007000010c7000)]
  0x00007f810481b800 JavaThread "C2 CompilerThread0" daemon [_thread_blocked, id=18947, stack(0x0000700000ec4000,0x0000700000fc4000)]
  0x00007f810203b000 JavaThread "Signal Dispatcher" daemon [_thread_blocked, id=14863, stack(0x0000700000dc1000,0x0000700000ec1000)]
  0x00007f810181c800 JavaThread "Finalizer" daemon [_thread_blocked, id=14339, stack(0x0000700000c3b000,0x0000700000d3b000)]
  0x00007f810181b800 JavaThread "Reference Handler" daemon [_thread_blocked, id=13827, stack(0x0000700000b38000,0x0000700000c38000)]
  0x00007f8104807000 JavaThread "main" [_thread_blocked, id=5891, stack(0x000070000011a000,0x000070000021a000)]

Other Threads:
=>0x00007f8102023800 VMThread [stack: 0x0000700000a35000,0x0000700000b35000] [id=13315]
  0x00007f8104002000 WatcherThread [stack: 0x00007000013d3000,0x00007000014d3000] [id=21507]

VM state:synchronizing (normal execution)

VM Mutex/Monitor currently owned by a thread:  ([mutex/lock_event])
[0x00007f81014035a0] Safepoint_lock - owner thread: 0x00007f8102023800
[0x00007f8101403620] Threads_lock - owner thread: 0x00007f8102023800

Heap:
 PSYoungGen      total 76288K, used 7864K [0x000000076ab00000, 0x0000000770000000, 0x00000007c0000000)
  eden space 65536K, 12% used [0x000000076ab00000,0x000000076b2ae260,0x000000076eb00000)
  from space 10752K, 0% used [0x000000076f580000,0x000000076f580000,0x0000000770000000)
  to   space 10752K, 0% used [0x000000076eb00000,0x000000076eb00000,0x000000076f580000)
 ParOldGen       total 175104K, used 0K [0x00000006c0000000, 0x00000006cab00000, 0x000000076ab00000)
  object space 175104K, 0% used [0x00000006c0000000,0x00000006c0000000,0x00000006cab00000)
 Metaspace       used 3784K, capacity 4604K, committed 4864K, reserved 1056768K
  class space    used 426K, capacity 428K, committed 512K, reserved 1048576K

Card table byte_map: [0x000000011b329000,0x000000011bb2a000] byte_map_base: 0x0000000117d29000

Marking Bits: (ParMarkBitMap*) 0x000000010b8c27a0
 Begin Bits: [0x000000011c080000, 0x0000000120080000)
 End Bits:   [0x0000000120080000, 0x0000000124080000)

Polling page: 0x00000001097d0000

CodeCache: size=245760Kb used=1344Kb max_used=1350Kb free=244415Kb
 bounds [0x000000010bf69000, 0x000000010c1d9000, 0x000000011af69000]
 total_blobs=389 nmethods=127 adapters=176
 compilation: enabled

Compilation events (10 events):
Event: 1.235 Thread 0x00007f8104825800  123       3       com.google.apac17.round1c.TaskA$Solver::canMove (30 bytes)
Event: 1.235 Thread 0x00007f8104825800 nmethod 123 0x000000010c0b4b50 code [0x000000010c0b4cc0, 0x000000010c0b4f30]
Event: 1.235 Thread 0x00007f8104825800  124       3       com.google.apac17.round1c.TaskA$Solver::dfs (227 bytes)
Event: 1.236 Thread 0x00007f8104825800 nmethod 124 0x000000010c0b4fd0 code [0x000000010c0b51e0, 0x000000010c0b5a18]
Event: 1.236 Thread 0x00007f810481b800  125 %     4       com.google.apac17.round1c.TaskA$Solver::dfs @ 6 (227 bytes)
Event: 1.260 Thread 0x00007f810481b800 nmethod 125% 0x000000010c0b7bd0 code [0x000000010c0b7dc0, 0x000000010c0b8be8]
Event: 1.261 Thread 0x00007f8103802800  126       4       com.google.apac17.round1c.TaskA$Solver::dfs (227 bytes)
Event: 1.265 Thread 0x00007f810481d000  127       4       com.google.apac17.round1c.TaskA$Solver::canMove (30 bytes)
Event: 1.265 Thread 0x00007f810481d000 nmethod 127 0x000000010c0b6450 code [0x000000010c0b65a0, 0x000000010c0b6638]
Event: 1.275 Thread 0x00007f8103802800 nmethod 126 0x000000010c0bacd0 code [0x000000010c0baec0, 0x000000010c0bbb08]

GC Heap History (0 events):
No events

Deoptimization events (1 events):
Event: 0.144 Thread 0x00007f8104807000 Uncommon trap: reason=unstable_if action=reinterpret pc=0x000000010c0900ac method=java.lang.String.hashCode()I @ 14

Internal exceptions (10 events):
Event: 0.131 Thread 0x00007f8104807000 Exception <a 'java/util/zip/ZipException'> (0x000000076abe51d0) thrown at [/Users/java_re/workspace/8-2-build-macosx-x86_64/jdk8u45/3457/hotspot/src/share/vm/prims/jni.cpp, line 709]
Event: 0.131 Thread 0x00007f8104807000 Exception <a 'java/security/PrivilegedActionException'> (0x000000076abe5380) thrown at [/Users/java_re/workspace/8-2-build-macosx-x86_64/jdk8u45/3457/hotspot/src/share/vm/prims/jvm.cpp, line 1382]
Event: 0.131 Thread 0x00007f8104807000 Exception <a 'java/security/PrivilegedActionException'> (0x000000076abe5538) thrown at [/Users/java_re/workspace/8-2-build-macosx-x86_64/jdk8u45/3457/hotspot/src/share/vm/prims/jvm.cpp, line 1382]
Event: 0.134 Thread 0x00007f8104807000 Exception <a 'java/util/zip/ZipException'> (0x000000076abf7298) thrown at [/Users/java_re/workspace/8-2-build-macosx-x86_64/jdk8u45/3457/hotspot/src/share/vm/prims/jni.cpp, line 709]
Event: 0.134 Thread 0x00007f8104807000 Exception <a 'java/security/PrivilegedActionException'> (0x000000076abf7448) thrown at [/Users/java_re/workspace/8-2-build-macosx-x86_64/jdk8u45/3457/hotspot/src/share/vm/prims/jvm.cpp, line 1382]
Event: 0.134 Thread 0x00007f8104807000 Exception <a 'java/security/PrivilegedActionException'> (0x000000076abf7600) thrown at [/Users/java_re/workspace/8-2-build-macosx-x86_64/jdk8u45/3457/hotspot/src/share/vm/prims/jvm.cpp, line 1382]
Event: 1.223 Thread 0x00007f810482f800 Exception <a 'java/security/PrivilegedActionException'> (0x000000076b19fb90) thrown at [/Users/java_re/workspace/8-2-build-macosx-x86_64/jdk8u45/3457/hotspot/src/share/vm/prims/jvm.cpp, line 1382]
Event: 1.223 Thread 0x00007f810482f800 Exception <a 'java/security/PrivilegedActionException'> (0x000000076b19fed8) thrown at [/Users/java_re/workspace/8-2-build-macosx-x86_64/jdk8u45/3457/hotspot/src/share/vm/prims/jvm.cpp, line 1382]
Event: 1.223 Thread 0x00007f810482f800 Exception <a 'java/security/PrivilegedActionException'> (0x000000076b1a33e8) thrown at [/Users/java_re/workspace/8-2-build-macosx-x86_64/jdk8u45/3457/hotspot/src/share/vm/prims/jvm.cpp, line 1382]
Event: 1.223 Thread 0x00007f810482f800 Exception <a 'java/security/PrivilegedActionException'> (0x000000076b1a3730) thrown at [/Users/java_re/workspace/8-2-build-macosx-x86_64/jdk8u45/3457/hotspot/src/share/vm/prims/jvm.cpp, line 1382]

Events (10 events):
Event: 1.275 Thread 0x00007f810482f800 DEOPT UNPACKING pc=0x000000010bfb0633 sp=0x000070002154e738 mode 0
Event: 1.275 Thread 0x00007f810482f800 DEOPT PACKING pc=0x000000010c0b5851 sp=0x000070002154e7f0
Event: 1.275 Thread 0x00007f810482f800 DEOPT UNPACKING pc=0x000000010bfb0633 sp=0x000070002154e548 mode 0
Event: 1.275 Thread 0x00007f810482f800 DEOPT PACKING pc=0x000000010c0b5851 sp=0x000070002154e600
Event: 1.275 Thread 0x00007f810482f800 DEOPT UNPACKING pc=0x000000010bfb0633 sp=0x000070002154e358 mode 0
Event: 1.275 Thread 0x00007f810482f800 DEOPT PACKING pc=0x000000010c0b5851 sp=0x000070002154e410
Event: 1.275 Thread 0x00007f810482f800 DEOPT UNPACKING pc=0x000000010bfb0633 sp=0x000070002154e168 mode 0
Event: 1.275 Thread 0x00007f810482f800 DEOPT PACKING pc=0x000000010c0b5851 sp=0x000070002154e220
Event: 1.275 Thread 0x00007f810482f800 DEOPT UNPACKING pc=0x000000010bfb0633 sp=0x000070002154df78 mode 0
Event: 4.140 Executing VM operation: EnableBiasedLocking


Dynamic libraries:
0x000000000937e000 	/System/Library/Frameworks/Cocoa.framework/Versions/A/Cocoa
0x00000001093b4000 	/System/Library/Frameworks/Security.framework/Versions/A/Security
0x000000000937e000 	/System/Library/Frameworks/ApplicationServices.framework/Versions/A/ApplicationServices
0x000000000937e000 	/usr/lib/libz.1.dylib
0x000000000937e000 	/usr/lib/libSystem.B.dylib
0x000000000937e000 	/usr/lib/libobjc.A.dylib
0x000000000937e000 	/System/Library/Frameworks/CoreFoundation.framework/Versions/A/CoreFoundation
0x000000000937e000 	/System/Library/Frameworks/Foundation.framework/Versions/C/Foundation
0x000000000937e000 	/System/Library/Frameworks/AppKit.framework/Versions/C/AppKit
0x000000000937e000 	/System/Library/Frameworks/CoreData.framework/Versions/A/CoreData
0x000000000937e000 	/System/Library/PrivateFrameworks/RemoteViewServices.framework/Versions/A/RemoteViewServices
0x000000000937e000 	/System/Library/PrivateFrameworks/UIFoundation.framework/Versions/A/UIFoundation
0x000000000937e000 	/usr/lib/libScreenReader.dylib
0x000000000937e000 	/System/Library/Frameworks/Accelerate.framework/Versions/A/Accelerate
0x000000000937e000 	/System/Library/Frameworks/IOSurface.framework/Versions/A/IOSurface
0x000000000937e000 	/System/Library/Frameworks/AudioToolbox.framework/Versions/A/AudioToolbox
0x000000000937e000 	/System/Library/Frameworks/AudioUnit.framework/Versions/A/AudioUnit
0x000000000937e000 	/System/Library/PrivateFrameworks/DataDetectorsCore.framework/Versions/A/DataDetectorsCore
0x000000000937e000 	/System/Library/PrivateFrameworks/DesktopServicesPriv.framework/Versions/A/DesktopServicesPriv
0x000000000937e000 	/System/Library/Frameworks/Carbon.framework/Versions/A/Frameworks/HIToolbox.framework/Versions/A/HIToolbox
0x000000000937e000 	/System/Library/Frameworks/QuartzCore.framework/Versions/A/QuartzCore
0x000000000937e000 	/System/Library/Frameworks/Carbon.framework/Versions/A/Frameworks/SpeechRecognition.framework/Versions/A/SpeechRecognition
0x000000000937e000 	/usr/lib/libauto.dylib
0x000000000937e000 	/usr/lib/libicucore.A.dylib
0x000000000937e000 	/usr/lib/libxml2.2.dylib
0x000000000937e000 	/System/Library/PrivateFrameworks/CoreUI.framework/Versions/A/CoreUI
0x000000000937e000 	/System/Library/Frameworks/CoreAudio.framework/Versions/A/CoreAudio
0x000000000937e000 	/System/Library/Frameworks/DiskArbitration.framework/Versions/A/DiskArbitration
0x000000000937e000 	/usr/lib/liblangid.dylib
0x000000000937e000 	/System/Library/PrivateFrameworks/MultitouchSupport.framework/Versions/A/MultitouchSupport
0x000000000937e000 	/System/Library/Frameworks/IOKit.framework/Versions/A/IOKit
0x000000000937e000 	/usr/lib/libDiagnosticMessagesClient.dylib
0x000000000937e000 	/System/Library/Frameworks/CoreServices.framework/Versions/A/CoreServices
0x000000000937e000 	/System/Library/PrivateFrameworks/PerformanceAnalysis.framework/Versions/A/PerformanceAnalysis
0x000000000937e000 	/System/Library/PrivateFrameworks/GenerationalStorage.framework/Versions/A/GenerationalStorage
0x000000000937e000 	/System/Library/Frameworks/OpenGL.framework/Versions/A/OpenGL
0x000000000937e000 	/System/Library/PrivateFrameworks/Sharing.framework/Versions/A/Sharing
0x000000000937e000 	/System/Library/Frameworks/CoreGraphics.framework/Versions/A/CoreGraphics
0x000000000937e000 	/System/Library/Frameworks/CoreImage.framework/Versions/A/CoreImage
0x000000000937e000 	/System/Library/Frameworks/CoreText.framework/Versions/A/CoreText
0x000000000937e000 	/System/Library/Frameworks/ImageIO.framework/Versions/A/ImageIO
0x000000000937e000 	/System/Library/PrivateFrameworks/Backup.framework/Versions/A/Backup
0x000000000937e000 	/usr/lib/libextension.dylib
0x000000000937e000 	/usr/lib/libarchive.2.dylib
0x00000001097d1000 	/System/Library/Frameworks/CFNetwork.framework/Versions/A/CFNetwork
0x000000000937e000 	/System/Library/Frameworks/SystemConfiguration.framework/Versions/A/SystemConfiguration
0x000000000937e000 	/usr/lib/libCRFSuite.dylib
0x000000000937e000 	/usr/lib/libc++.1.dylib
0x000000000937e000 	/usr/lib/libc++abi.dylib
0x000000000937e000 	/usr/lib/system/libcache.dylib
0x000000000937e000 	/usr/lib/system/libcommonCrypto.dylib
0x000000000937e000 	/usr/lib/system/libcompiler_rt.dylib
0x000000000937e000 	/usr/lib/system/libcopyfile.dylib
0x000000000937e000 	/usr/lib/system/libcorecrypto.dylib
0x000000000937e000 	/usr/lib/system/libdispatch.dylib
0x000000000937e000 	/usr/lib/system/libdyld.dylib
0x000000000937e000 	/usr/lib/system/libkeymgr.dylib
0x000000000937e000 	/usr/lib/system/liblaunch.dylib
0x000000000937e000 	/usr/lib/system/libmacho.dylib
0x000000000937e000 	/usr/lib/system/libquarantine.dylib
0x000000000937e000 	/usr/lib/system/libremovefile.dylib
0x000000000937e000 	/usr/lib/system/libsystem_asl.dylib
0x000000000937e000 	/usr/lib/system/libsystem_blocks.dylib
0x000000000937e000 	/usr/lib/system/libsystem_c.dylib
0x000000000937e000 	/usr/lib/system/libsystem_configuration.dylib
0x000000000937e000 	/usr/lib/system/libsystem_coreservices.dylib
0x000000000937e000 	/usr/lib/system/libsystem_coretls.dylib
0x000000000937e000 	/usr/lib/system/libsystem_dnssd.dylib
0x000000000937e000 	/usr/lib/system/libsystem_info.dylib
0x000000000937e000 	/usr/lib/system/libsystem_kernel.dylib
0x000000000937e000 	/usr/lib/system/libsystem_m.dylib
0x000000000937e000 	/usr/lib/system/libsystem_malloc.dylib
0x000000000937e000 	/usr/lib/system/libsystem_network.dylib
0x000000000937e000 	/usr/lib/system/libsystem_networkextension.dylib
0x000000000937e000 	/usr/lib/system/libsystem_notify.dylib
0x000000000937e000 	/usr/lib/system/libsystem_platform.dylib
0x000000000937e000 	/usr/lib/system/libsystem_pthread.dylib
0x000000000937e000 	/usr/lib/system/libsystem_sandbox.dylib
0x000000000937e000 	/usr/lib/system/libsystem_secinit.dylib
0x000000000937e000 	/usr/lib/system/libsystem_trace.dylib
0x000000000937e000 	/usr/lib/system/libunc.dylib
0x000000000937e000 	/usr/lib/system/libunwind.dylib
0x000000000937e000 	/usr/lib/system/libxpc.dylib
0x000000000937e000 	/usr/lib/libenergytrace.dylib
0x000000000937e000 	/usr/lib/libbsm.0.dylib
0x000000000937e000 	/usr/lib/system/libkxld.dylib
0x000000000937e000 	/usr/lib/libxar.1.dylib
0x000000000937e000 	/usr/lib/libsqlite3.dylib
0x000000000937e000 	/usr/lib/libpam.2.dylib
0x000000000937e000 	/usr/lib/libOpenScriptingUtil.dylib
0x000000000937e000 	/usr/lib/libbz2.1.0.dylib
0x000000000937e000 	/usr/lib/liblzma.5.dylib
0x000000000937e000 	/System/Library/Frameworks/CoreServices.framework/Versions/A/Frameworks/FSEvents.framework/Versions/A/FSEvents
0x000000000937e000 	/System/Library/Frameworks/CoreServices.framework/Versions/A/Frameworks/CarbonCore.framework/Versions/A/CarbonCore
0x000000000937e000 	/System/Library/Frameworks/CoreServices.framework/Versions/A/Frameworks/Metadata.framework/Versions/A/Metadata
0x000000000937e000 	/System/Library/Frameworks/CoreServices.framework/Versions/A/Frameworks/OSServices.framework/Versions/A/OSServices
0x000000000937e000 	/System/Library/Frameworks/CoreServices.framework/Versions/A/Frameworks/SearchKit.framework/Versions/A/SearchKit
0x000000000937e000 	/System/Library/Frameworks/CoreServices.framework/Versions/A/Frameworks/AE.framework/Versions/A/AE
0x000000000937e000 	/System/Library/Frameworks/CoreServices.framework/Versions/A/Frameworks/LaunchServices.framework/Versions/A/LaunchServices
0x000000000937e000 	/System/Library/Frameworks/CoreServices.framework/Versions/A/Frameworks/DictionaryServices.framework/Versions/A/DictionaryServices
0x000000000937e000 	/System/Library/Frameworks/CoreServices.framework/Versions/A/Frameworks/SharedFileList.framework/Versions/A/SharedFileList
0x000000000937e000 	/System/Library/Frameworks/NetFS.framework/Versions/A/NetFS
0x000000000937e000 	/System/Library/PrivateFrameworks/NetAuth.framework/Versions/A/NetAuth
0x000000000937e000 	/System/Library/PrivateFrameworks/login.framework/Versions/A/Frameworks/loginsupport.framework/Versions/A/loginsupport
0x000000000937e000 	/System/Library/PrivateFrameworks/TCC.framework/Versions/A/TCC
0x000000000937e000 	/usr/lib/libmecabra.dylib
0x000000000937e000 	/System/Library/Frameworks/ApplicationServices.framework/Versions/A/Frameworks/ATS.framework/Versions/A/ATS
0x000000000937e000 	/System/Library/Frameworks/ApplicationServices.framework/Versions/A/Frameworks/ColorSync.framework/Versions/A/ColorSync
0x000000000937e000 	/System/Library/Frameworks/ApplicationServices.framework/Versions/A/Frameworks/HIServices.framework/Versions/A/HIServices
0x000000000937e000 	/System/Library/Frameworks/ApplicationServices.framework/Versions/A/Frameworks/LangAnalysis.framework/Versions/A/LangAnalysis
0x000000000937e000 	/System/Library/Frameworks/ApplicationServices.framework/Versions/A/Frameworks/PrintCore.framework/Versions/A/PrintCore
0x000000000937e000 	/System/Library/Frameworks/ApplicationServices.framework/Versions/A/Frameworks/QD.framework/Versions/A/QD
0x000000000937e000 	/System/Library/Frameworks/ApplicationServices.framework/Versions/A/Frameworks/SpeechSynthesis.framework/Versions/A/SpeechSynthesis
0x000000000937e000 	/System/Library/Frameworks/Metal.framework/Versions/A/Metal
0x000000000937e000 	/System/Library/Frameworks/Accelerate.framework/Versions/A/Frameworks/vImage.framework/Versions/A/vImage
0x000000000937e000 	/System/Library/Frameworks/Accelerate.framework/Versions/A/Frameworks/vecLib.framework/Versions/A/vecLib
0x000000000937e000 	/System/Library/Frameworks/Accelerate.framework/Versions/A/Frameworks/vecLib.framework/Versions/A/libvDSP.dylib
0x000000000937e000 	/System/Library/Frameworks/Accelerate.framework/Versions/A/Frameworks/vecLib.framework/Versions/A/libvMisc.dylib
0x000000000937e000 	/System/Library/Frameworks/Accelerate.framework/Versions/A/Frameworks/vecLib.framework/Versions/A/libLAPACK.dylib
0x000000000937e000 	/System/Library/Frameworks/Accelerate.framework/Versions/A/Frameworks/vecLib.framework/Versions/A/libBLAS.dylib
0x000000000937e000 	/System/Library/Frameworks/Accelerate.framework/Versions/A/Frameworks/vecLib.framework/Versions/A/libLinearAlgebra.dylib
0x000000000937e000 	/System/Library/Frameworks/Accelerate.framework/Versions/A/Frameworks/vecLib.framework/Versions/A/libSparseBLAS.dylib
0x000000000937e000 	/System/Library/PrivateFrameworks/GPUCompiler.framework/libmetal_timestamp.dylib
0x000000000937e000 	/System/Library/Frameworks/OpenGL.framework/Versions/A/Libraries/libCoreFSCache.dylib
0x000000000937e000 	/System/Library/PrivateFrameworks/IOAccelerator.framework/Versions/A/IOAccelerator
0x000000000937e000 	/System/Library/Frameworks/ApplicationServices.framework/Versions/A/Frameworks/ATS.framework/Versions/A/Resources/libFontParser.dylib
0x000000000937e000 	/System/Library/Frameworks/ApplicationServices.framework/Versions/A/Frameworks/ATS.framework/Versions/A/Resources/libFontRegistry.dylib
0x000000000937e000 	/System/Library/PrivateFrameworks/AppleVPA.framework/Versions/A/AppleVPA
0x000000000937e000 	/System/Library/PrivateFrameworks/AppleJPEG.framework/Versions/A/AppleJPEG
0x000000000937e000 	/System/Library/Frameworks/ImageIO.framework/Versions/A/Resources/libJPEG.dylib
0x000000000937e000 	/System/Library/Frameworks/ImageIO.framework/Versions/A/Resources/libTIFF.dylib
0x000000000937e000 	/System/Library/Frameworks/ImageIO.framework/Versions/A/Resources/libPng.dylib
0x000000000937e000 	/System/Library/Frameworks/ImageIO.framework/Versions/A/Resources/libGIF.dylib
0x000000000937e000 	/System/Library/Frameworks/ImageIO.framework/Versions/A/Resources/libJP2.dylib
0x000000000937e000 	/System/Library/Frameworks/ImageIO.framework/Versions/A/Resources/libRadiance.dylib
0x000000000937e000 	/System/Library/Frameworks/CoreVideo.framework/Versions/A/CoreVideo
0x000000000937e000 	/System/Library/Frameworks/OpenGL.framework/Versions/A/Libraries/libGLU.dylib
0x000000000937e000 	/System/Library/Frameworks/OpenGL.framework/Versions/A/Libraries/libGFXShared.dylib
0x000000000937e000 	/System/Library/Frameworks/OpenGL.framework/Versions/A/Libraries/libGL.dylib
0x000000000937e000 	/System/Library/Frameworks/OpenGL.framework/Versions/A/Libraries/libGLImage.dylib
0x000000000937e000 	/System/Library/Frameworks/OpenGL.framework/Versions/A/Libraries/libCVMSPluginSupport.dylib
0x000000000937e000 	/System/Library/Frameworks/OpenGL.framework/Versions/A/Libraries/libCoreVMClient.dylib
0x000000000937e000 	/usr/lib/libcompression.dylib
0x000000000937e000 	/usr/lib/libcups.2.dylib
0x000000000937e000 	/System/Library/Frameworks/Kerberos.framework/Versions/A/Kerberos
0x000000000937e000 	/System/Library/Frameworks/GSS.framework/Versions/A/GSS
0x000000000937e000 	/usr/lib/libresolv.9.dylib
0x000000000937e000 	/usr/lib/libiconv.2.dylib
0x000000000937e000 	/System/Library/PrivateFrameworks/Heimdal.framework/Versions/A/Heimdal
0x000000000937e000 	/usr/lib/libheimdal-asn1.dylib
0x000000000937e000 	/System/Library/Frameworks/OpenDirectory.framework/Versions/A/OpenDirectory
0x000000000937e000 	/System/Library/PrivateFrameworks/CommonAuth.framework/Versions/A/CommonAuth
0x000000000937e000 	/System/Library/Frameworks/OpenDirectory.framework/Versions/A/Frameworks/CFOpenDirectory.framework/Versions/A/CFOpenDirectory
0x000000000937e000 	/System/Library/Frameworks/SecurityFoundation.framework/Versions/A/SecurityFoundation
0x000000000937e000 	/System/Library/PrivateFrameworks/LanguageModeling.framework/Versions/A/LanguageModeling
0x000000000937e000 	/usr/lib/libmarisa.dylib
0x000000000937e000 	/usr/lib/libChineseTokenizer.dylib
0x000000000937e000 	/usr/lib/libcmph.dylib
0x000000000937e000 	/System/Library/Frameworks/ServiceManagement.framework/Versions/A/ServiceManagement
0x000000000937e000 	/usr/lib/libxslt.1.dylib
0x000000000937e000 	/System/Library/Frameworks/Carbon.framework/Versions/A/Frameworks/Ink.framework/Versions/A/Ink
0x000000000937e000 	/usr/lib/libFosl_dynamic.dylib
0x000000000937e000 	/System/Library/PrivateFrameworks/FaceCore.framework/Versions/A/FaceCore
0x000000000937e000 	/System/Library/Frameworks/OpenCL.framework/Versions/A/OpenCL
0x000000000937e000 	/System/Library/PrivateFrameworks/CrashReporterSupport.framework/Versions/A/CrashReporterSupport
0x000000000937e000 	/System/Library/PrivateFrameworks/IconServices.framework/Versions/A/IconServices
0x000000000937e000 	/System/Library/PrivateFrameworks/Apple80211.framework/Versions/A/Apple80211
0x000000000937e000 	/System/Library/Frameworks/CoreWLAN.framework/Versions/A/CoreWLAN
0x000000000937e000 	/System/Library/Frameworks/IOBluetooth.framework/Versions/A/IOBluetooth
0x000000000937e000 	/System/Library/PrivateFrameworks/CoreWiFi.framework/Versions/A/CoreWiFi
0x000000000937e000 	/System/Library/Frameworks/CoreBluetooth.framework/Versions/A/CoreBluetooth
0x000000000937e000 	/System/Library/PrivateFrameworks/ChunkingLibrary.framework/Versions/A/ChunkingLibrary
0x000000000937e000 	/System/Library/PrivateFrameworks/DebugSymbols.framework/Versions/A/DebugSymbols
0x000000000937e000 	/System/Library/PrivateFrameworks/CoreSymbolication.framework/Versions/A/CoreSymbolication
0x000000000937e000 	/System/Library/PrivateFrameworks/Symbolication.framework/Versions/A/Symbolication
0x000000000937e000 	/System/Library/PrivateFrameworks/SpeechRecognitionCore.framework/Versions/A/SpeechRecognitionCore
0x000000010b000000 	/Library/Java/JavaVirtualMachines/jdk1.8.0_45.jdk/Contents/Home/jre/lib/server/libjvm.dylib
0x000000000937e000 	/usr/lib/libstdc++.6.dylib
0x0000000109ea3000 	/Library/Java/JavaVirtualMachines/jdk1.8.0_45.jdk/Contents/Home/jre/lib/libverify.dylib
0x0000000109eb1000 	/Library/Java/JavaVirtualMachines/jdk1.8.0_45.jdk/Contents/Home/jre/lib/libjava.dylib
0x0000000109eef000 	/Library/Java/JavaVirtualMachines/jdk1.8.0_45.jdk/Contents/Home/jre/lib/libzip.dylib
0x0000000126f2b000 	/System/Library/Frameworks/JavaVM.framework/Frameworks/JavaRuntimeSupport.framework/JavaRuntimeSupport
0x0000000126f46000 	/System/Library/Frameworks/JavaVM.framework/Versions/A/Frameworks/JavaNativeFoundation.framework/Versions/A/JavaNativeFoundation
0x0000000109fec000 	/System/Library/Frameworks/JavaVM.framework/Versions/A/JavaVM
0x000000000937e000 	/System/Library/Frameworks/Carbon.framework/Versions/A/Carbon
0x0000000126f5b000 	/System/Library/PrivateFrameworks/JavaLaunching.framework/Versions/A/JavaLaunching
0x000000000937e000 	/System/Library/Frameworks/Carbon.framework/Versions/A/Frameworks/CommonPanels.framework/Versions/A/CommonPanels
0x000000000937e000 	/System/Library/Frameworks/Carbon.framework/Versions/A/Frameworks/Help.framework/Versions/A/Help
0x000000000937e000 	/System/Library/Frameworks/Carbon.framework/Versions/A/Frameworks/ImageCapture.framework/Versions/A/ImageCapture
0x000000000937e000 	/System/Library/Frameworks/Carbon.framework/Versions/A/Frameworks/OpenScripting.framework/Versions/A/OpenScripting
0x000000000937e000 	/System/Library/Frameworks/Carbon.framework/Versions/A/Frameworks/Print.framework/Versions/A/Print
0x000000000937e000 	/System/Library/Frameworks/Carbon.framework/Versions/A/Frameworks/SecurityHI.framework/Versions/A/SecurityHI
0x00000001289e2000 	/Applications/Programming/IntelliJ IDEA 15 CE.app/Contents/bin/libbreakgen64.jnilib
0x00000001289e5000 	/Library/Java/JavaVirtualMachines/jdk1.8.0_45.jdk/Contents/Home/jre/lib/libnet.dylib

VM Arguments:
jvm_args: -Didea.launcher.port=7536 -Didea.launcher.bin.path=/Applications/Programming/IntelliJ IDEA 15 CE.app/Contents/bin -Dfile.encoding=UTF-8 
java_command: com.intellij.rt.execution.application.AppMain com.google.apac17.round1c.TaskA
java_class_path (initial): /Library/Java/JavaVirtualMachines/jdk1.8.0_45.jdk/Contents/Home/lib/ant-javafx.jar:/Library/Java/JavaVirtualMachines/jdk1.8.0_45.jdk/Contents/Home/lib/dt.jar:/Library/Java/JavaVirtualMachines/jdk1.8.0_45.jdk/Contents/Home/lib/javafx-mx.jar:/Library/Java/JavaVirtualMachines/jdk1.8.0_45.jdk/Contents/Home/lib/jconsole.jar:/Library/Java/JavaVirtualMachines/jdk1.8.0_45.jdk/Contents/Home/lib/packager.jar:/Library/Java/JavaVirtualMachines/jdk1.8.0_45.jdk/Contents/Home/lib/sa-jdi.jar:/Library/Java/JavaVirtualMachines/jdk1.8.0_45.jdk/Contents/Home/lib/tools.jar:/Library/Java/JavaVirtualMachines/jdk1.8.0_45.jdk/Contents/Home/jre/lib/charsets.jar:/Library/Java/JavaVirtualMachines/jdk1.8.0_45.jdk/Contents/Home/jre/lib/deploy.jar:/Library/Java/JavaVirtualMachines/jdk1.8.0_45.jdk/Contents/Home/jre/lib/javaws.jar:/Library/Java/JavaVirtualMachines/jdk1.8.0_45.jdk/Contents/Home/jre/lib/jce.jar:/Library/Java/JavaVirtualMachines/jdk1.8.0_45.jdk/Contents/Home/jre/lib/jfr.jar:/Library/Java/JavaVirtualMachines/jdk1.8.0_45.jdk/Contents/Home/jre/lib/jfxswt.jar:/Library/Java/JavaVirtualMachines/jdk1.8.0_45.jdk/Contents/Home/jre/lib/jsse.jar:/Library/Java/JavaVirtualMachines/jdk1.8.0_45.jdk/Contents/Home/jre/lib/management-agent.jar:/Library/Java/JavaVirtualMachines/jdk1.8.0_45.jdk/Contents/Home/jre/lib/plugin.jar:/Library/Java/JavaVirtualMachines/jdk1.8.0_45.jdk/Contents/Home/jre/lib/resources.jar:/Library/Java/JavaVirtualMachines/jdk1.8.0_45.jdk/Contents/Home/jre/lib/rt.jar:/Library/Java/JavaVirtualMachines/jdk1.8.0_45.jdk/Contents/Home/jre/lib/ext/cldrdata.jar:/Library/Java/JavaVirtualMachines/jdk1.8.0_45.jdk/Contents/Home/jre/lib/ext/dnsns.jar:/Library/Java/JavaVirtualMachines/jdk1.8.0_45.jdk/Contents/Home/jre/lib/ext/jfxrt.jar:/Library/Java/JavaVirtualMachines/jdk1.8.0_45.jdk/Contents/Home/jre/lib/ext/localedata.jar:/Library/Java/JavaVirtualMachines/jdk1.8.0_45.jdk/Contents/Home/jre/lib/ext/nashorn.jar:/Library/Java/JavaVirtualMachines/jdk1.8.0_45.jdk/Conten
Launcher Type: SUN_STANDARD

Environment Variables:
PATH=/Users/rahulkhairwar/.rvm/gems/ruby-2.2.3/bin:/Users/rahulkhairwar/.rvm/gems/ruby-2.2.3@global/bin:/Users/rahulkhairwar/.rvm/rubies/ruby-2.2.3/bin:/Library/Frameworks/Python.framework/Versions/3.5/bin:/opt/local/bin:/opt/local/sbin:/opt/local/bin:/opt/local/sbin:/usr/local/bin:/usr/local/bin:/usr/bin:/bin:/usr/sbin:/sbin:/usr/local/aria2/bin:/usr/local/mysql/bin:/Users/rahulkhairwar/.rvm/bin
SHELL=/bin/bash

Signal Handlers:
SIGSEGV: [libjvm.dylib+0x58ef95], sa_mask[0]=11111111011111110111111111111111, sa_flags=SA_ONSTACK|SA_RESTART|SA_SIGINFO
SIGBUS: [libjvm.dylib+0x58ef95], sa_mask[0]=11111111011111110111111111111111, sa_flags=SA_RESTART|SA_SIGINFO
SIGFPE: [libjvm.dylib+0x46c108], sa_mask[0]=11111111011111110111111111111111, sa_flags=SA_RESTART|SA_SIGINFO
SIGPIPE: [libjvm.dylib+0x46c108], sa_mask[0]=11111111011111110111111111111111, sa_flags=SA_RESTART|SA_SIGINFO
SIGXFSZ: [libjvm.dylib+0x46c108], sa_mask[0]=11111111011111110111111111111111, sa_flags=SA_RESTART|SA_SIGINFO
SIGILL: [libjvm.dylib+0x46c108], sa_mask[0]=11111111011111110111111111111111, sa_flags=SA_RESTART|SA_SIGINFO
SIGUSR1: SIG_DFL, sa_mask[0]=00000000000000000000000000000000, sa_flags=none
SIGUSR2: [libjvm.dylib+0x46bc26], sa_mask[0]=00100000000000000000000000000000, sa_flags=SA_RESTART|SA_SIGINFO
SIGHUP: [libjvm.dylib+0x46a1f9], sa_mask[0]=11111111011111110111111111111111, sa_flags=SA_RESTART|SA_SIGINFO
SIGINT: [libjvm.dylib+0x46a1f9], sa_mask[0]=11111111011111110111111111111111, sa_flags=SA_RESTART|SA_SIGINFO
SIGTERM: [libjvm.dylib+0x46a1f9], sa_mask[0]=11111111011111110111111111111111, sa_flags=SA_RESTART|SA_SIGINFO
SIGQUIT: [libjvm.dylib+0x46a1f9], sa_mask[0]=11111111011111110111111111111111, sa_flags=SA_RESTART|SA_SIGINFO


---------------  S Y S T E M  ---------------

OS:Bsduname:Darwin 15.6.0 Darwin Kernel Version 15.6.0: Mon Aug 29 20:21:34 PDT 2016; root:xnu-3248.60.11~1/RELEASE_X86_64 x86_64
rlimit: STACK 8192k, CORE 0k, NPROC 709, NOFILE 10240, AS infinity
load average:3.75 4.25 3.39

CPU:total 8 (4 cores per cpu, 2 threads per core) family 6 model 70 stepping 1, cmov, cx8, fxsr, mmx, sse, sse2, sse3, ssse3, sse4.1, sse4.2, popcnt, avx, avx2, aes, clmul, erms, lzcnt, ht, tsc, tscinvbit, bmi1, bmi2

Memory: 4k page, physical 16777216k(123348k free)

/proc/meminfo:


vm_info: Java HotSpot(TM) 64-Bit Server VM (25.45-b02) for bsd-amd64 JRE (1.8.0_45-b14), built on Apr 10 2015 10:46:38 by "java_re" with gcc 4.2.1 (Based on Apple Inc. build 5658) (LLVM build 2336.11.00)

time: Tue Sep 20 11:02:58 2016
elapsed time: 559 seconds (0d 0h 9m 19s)

